Analysis & Synthesis report for ULA
Tue Jun 27 13:58:04 2023
Quartus Prime Version 22.1std.1 Build 917 02/14/2023 SC Lite Edition


---------------------
; Table of Contents ;
---------------------
  1. Legal Notice
  2. Analysis & Synthesis Summary
  3. Analysis & Synthesis Settings
  4. Parallel Compilation
  5. Analysis & Synthesis Source Files Read
  6. Analysis & Synthesis Resource Usage Summary
  7. Analysis & Synthesis Resource Utilization by Entity
  8. State Machine - |ULA_usertop|Multiplicador:ULA_Mult|Mul_controle:CONTROLE|EstadoAtual
  9. Registers Removed During Synthesis
 10. General Register Statistics
 11. Multiplexer Restructuring Statistics (Restructuring Performed)
 12. Port Connectivity Checks: "ULA_MIPS:ULA_PADRAO|MUX2_1x32:mux2"
 13. Port Connectivity Checks: "Multiplicador:ULA_Mult|Mul_operacional:OPERACIONAL|Sum:SUB"
 14. Port Connectivity Checks: "Multiplicador:ULA_Mult|Mul_operacional:OPERACIONAL|Sum:SOMA"
 15. Post-Synthesis Netlist Statistics for Top Partition
 16. Elapsed Time Per Partition
 17. Analysis & Synthesis Messages



----------------
; Legal Notice ;
----------------
Copyright (C) 2023  Intel Corporation. All rights reserved.
Your use of Intel Corporation's design tools, logic functions 
and other software and tools, and any partner logic 
functions, and any output files from any of the foregoing 
(including device programming or simulation files), and any 
associated documentation or information are expressly subject 
to the terms and conditions of the Intel Program License 
Subscription Agreement, the Intel Quartus Prime License Agreement,
the Intel FPGA IP License Agreement, or other applicable license
agreement, including, without limitation, that your use is for
the sole purpose of programming logic devices manufactured by
Intel and sold by Intel or its authorized distributors.  Please
refer to the applicable agreement for further details, at
https://fpgasoftware.intel.com/eula.



+----------------------------------------------------------------------------------+
; Analysis & Synthesis Summary                                                     ;
+---------------------------------+------------------------------------------------+
; Analysis & Synthesis Status     ; Successful - Tue Jun 27 13:58:04 2023          ;
; Quartus Prime Version           ; 22.1std.1 Build 917 02/14/2023 SC Lite Edition ;
; Revision Name                   ; ULA                                            ;
; Top-level Entity Name           ; ULA_usertop                                    ;
; Family                          ; Cyclone V                                      ;
; Logic utilization (in ALMs)     ; N/A                                            ;
; Total registers                 ; 162                                            ;
; Total pins                      ; 110                                            ;
; Total virtual pins              ; 0                                              ;
; Total block memory bits         ; 0                                              ;
; Total DSP Blocks                ; 0                                              ;
; Total HSSI RX PCSs              ; 0                                              ;
; Total HSSI PMA RX Deserializers ; 0                                              ;
; Total HSSI TX PCSs              ; 0                                              ;
; Total HSSI PMA TX Serializers   ; 0                                              ;
; Total PLLs                      ; 0                                              ;
; Total DLLs                      ; 0                                              ;
+---------------------------------+------------------------------------------------+


+---------------------------------------------------------------------------------------------------------------------------+
; Analysis & Synthesis Settings                                                                                             ;
+---------------------------------------------------------------------------------+--------------------+--------------------+
; Option                                                                          ; Setting            ; Default Value      ;
+---------------------------------------------------------------------------------+--------------------+--------------------+
; Device                                                                          ; 5CGXFC7C6F23I7     ;                    ;
; Top-level entity name                                                           ; ULA_usertop        ; ULA                ;
; Family name                                                                     ; Cyclone V          ; Cyclone V          ;
; Use smart compilation                                                           ; Off                ; Off                ;
; Enable parallel Assembler and Timing Analyzer during compilation                ; On                 ; On                 ;
; Enable compact report table                                                     ; Off                ; Off                ;
; Restructure Multiplexers                                                        ; Auto               ; Auto               ;
; MLAB Add Timing Constraints For Mixed-Port Feed-Through Mode Setting Don't Care ; Off                ; Off                ;
; Create Debugging Nodes for IP Cores                                             ; Off                ; Off                ;
; Preserve fewer node names                                                       ; On                 ; On                 ;
; Intel FPGA IP Evaluation Mode                                                   ; Enable             ; Enable             ;
; Verilog Version                                                                 ; Verilog_2001       ; Verilog_2001       ;
; VHDL Version                                                                    ; VHDL_1993          ; VHDL_1993          ;
; State Machine Processing                                                        ; Auto               ; Auto               ;
; Safe State Machine                                                              ; Off                ; Off                ;
; Extract Verilog State Machines                                                  ; On                 ; On                 ;
; Extract VHDL State Machines                                                     ; On                 ; On                 ;
; Ignore Verilog initial constructs                                               ; Off                ; Off                ;
; Iteration limit for constant Verilog loops                                      ; 5000               ; 5000               ;
; Iteration limit for non-constant Verilog loops                                  ; 250                ; 250                ;
; Add Pass-Through Logic to Inferred RAMs                                         ; On                 ; On                 ;
; Infer RAMs from Raw Logic                                                       ; On                 ; On                 ;
; Parallel Synthesis                                                              ; On                 ; On                 ;
; DSP Block Balancing                                                             ; Auto               ; Auto               ;
; NOT Gate Push-Back                                                              ; On                 ; On                 ;
; Power-Up Don't Care                                                             ; On                 ; On                 ;
; Remove Redundant Logic Cells                                                    ; Off                ; Off                ;
; Remove Duplicate Registers                                                      ; On                 ; On                 ;
; Ignore CARRY Buffers                                                            ; Off                ; Off                ;
; Ignore CASCADE Buffers                                                          ; Off                ; Off                ;
; Ignore GLOBAL Buffers                                                           ; Off                ; Off                ;
; Ignore ROW GLOBAL Buffers                                                       ; Off                ; Off                ;
; Ignore LCELL Buffers                                                            ; Off                ; Off                ;
; Ignore SOFT Buffers                                                             ; On                 ; On                 ;
; Limit AHDL Integers to 32 Bits                                                  ; Off                ; Off                ;
; Optimization Technique                                                          ; Balanced           ; Balanced           ;
; Carry Chain Length                                                              ; 70                 ; 70                 ;
; Auto Carry Chains                                                               ; On                 ; On                 ;
; Auto Open-Drain Pins                                                            ; On                 ; On                 ;
; Perform WYSIWYG Primitive Resynthesis                                           ; Off                ; Off                ;
; Auto ROM Replacement                                                            ; On                 ; On                 ;
; Auto RAM Replacement                                                            ; On                 ; On                 ;
; Auto DSP Block Replacement                                                      ; On                 ; On                 ;
; Auto Shift Register Replacement                                                 ; Auto               ; Auto               ;
; Allow Shift Register Merging across Hierarchies                                 ; Auto               ; Auto               ;
; Auto Clock Enable Replacement                                                   ; On                 ; On                 ;
; Strict RAM Replacement                                                          ; Off                ; Off                ;
; Allow Synchronous Control Signals                                               ; On                 ; On                 ;
; Force Use of Synchronous Clear Signals                                          ; Off                ; Off                ;
; Auto Resource Sharing                                                           ; Off                ; Off                ;
; Allow Any RAM Size For Recognition                                              ; Off                ; Off                ;
; Allow Any ROM Size For Recognition                                              ; Off                ; Off                ;
; Allow Any Shift Register Size For Recognition                                   ; Off                ; Off                ;
; Use LogicLock Constraints during Resource Balancing                             ; On                 ; On                 ;
; Ignore translate_off and synthesis_off directives                               ; Off                ; Off                ;
; Timing-Driven Synthesis                                                         ; On                 ; On                 ;
; Report Parameter Settings                                                       ; On                 ; On                 ;
; Report Source Assignments                                                       ; On                 ; On                 ;
; Report Connectivity Checks                                                      ; On                 ; On                 ;
; Ignore Maximum Fan-Out Assignments                                              ; Off                ; Off                ;
; Synchronization Register Chain Length                                           ; 3                  ; 3                  ;
; Power Optimization During Synthesis                                             ; Normal compilation ; Normal compilation ;
; HDL message level                                                               ; Level2             ; Level2             ;
; Suppress Register Optimization Related Messages                                 ; Off                ; Off                ;
; Number of Removed Registers Reported in Synthesis Report                        ; 5000               ; 5000               ;
; Number of Swept Nodes Reported in Synthesis Report                              ; 5000               ; 5000               ;
; Number of Inverted Registers Reported in Synthesis Report                       ; 100                ; 100                ;
; Clock MUX Protection                                                            ; On                 ; On                 ;
; Auto Gated Clock Conversion                                                     ; Off                ; Off                ;
; Block Design Naming                                                             ; Auto               ; Auto               ;
; SDC constraint protection                                                       ; Off                ; Off                ;
; Synthesis Effort                                                                ; Auto               ; Auto               ;
; Shift Register Replacement - Allow Asynchronous Clear Signal                    ; On                 ; On                 ;
; Pre-Mapping Resynthesis Optimization                                            ; Off                ; Off                ;
; Analysis & Synthesis Message Level                                              ; Medium             ; Medium             ;
; Disable Register Merging Across Hierarchies                                     ; Auto               ; Auto               ;
; Resource Aware Inference For Block RAM                                          ; On                 ; On                 ;
; Automatic Parallel Synthesis                                                    ; On                 ; On                 ;
; Partial Reconfiguration Bitstream ID                                            ; Off                ; Off                ;
+---------------------------------------------------------------------------------+--------------------+--------------------+


+------------------------------------------+
; Parallel Compilation                     ;
+----------------------------+-------------+
; Processors                 ; Number      ;
+----------------------------+-------------+
; Number detected on machine ; 4           ;
; Maximum allowed            ; 2           ;
;                            ;             ;
; Average used               ; 1.00        ;
; Maximum used               ; 2           ;
;                            ;             ;
; Usage by Processor         ; % Time Used ;
;     Processor 1            ; 100.0%      ;
;     Processor 2            ;   0.0%      ;
+----------------------------+-------------+


+---------------------------------------------------------------------------------------------------------------------------------------------------------------+
; Analysis & Synthesis Source Files Read                                                                                                                        ;
+----------------------------------+-----------------+-----------------+------------------------------------------------------------------------------+---------+
; File Name with User-Entered Path ; Used in Netlist ; File Type       ; File Name with Absolute Path                                                 ; Library ;
+----------------------------------+-----------------+-----------------+------------------------------------------------------------------------------+---------+
; ULA_MIPS.vhdl                    ; yes             ; User VHDL File  ; C:/Users/Libni/Documents/GitHub/ctd_v2/projeto_final/ULA/ULA_MIPS.vhdl       ;         ;
; and_or.vhdl                      ; yes             ; User VHDL File  ; C:/Users/Libni/Documents/GitHub/ctd_v2/projeto_final/ULA/and_or.vhdl         ;         ;
; Sum.vhdl                         ; yes             ; User VHDL File  ; C:/Users/Libni/Documents/GitHub/ctd_v2/projeto_final/ULA/Sum.vhdl            ;         ;
; Mul_operacional.vhd              ; yes             ; User VHDL File  ; C:/Users/Libni/Documents/GitHub/ctd_v2/projeto_final/ULA/Mul_operacional.vhd ;         ;
; Mul_controle.vhd                 ; yes             ; User VHDL File  ; C:/Users/Libni/Documents/GitHub/ctd_v2/projeto_final/ULA/Mul_controle.vhd    ;         ;
; Ctrl_ULA.vhd                     ; yes             ; User VHDL File  ; C:/Users/Libni/Documents/GitHub/ctd_v2/projeto_final/ULA/Ctrl_ULA.vhd        ;         ;
; ULA_usertop.vhd                  ; yes             ; User VHDL File  ; C:/Users/Libni/Documents/GitHub/ctd_v2/projeto_final/ULA/ULA_usertop.vhd     ;         ;
; Mux2_1x32.vhd                    ; yes             ; User VHDL File  ; C:/Users/Libni/Documents/GitHub/ctd_v2/projeto_final/ULA/Mux2_1x32.vhd       ;         ;
; REGx32.vhd                       ; yes             ; User VHDL File  ; C:/Users/Libni/Documents/GitHub/ctd_v2/projeto_final/ULA/REGx32.vhd          ;         ;
; Multiplicador.vhd                ; yes             ; User VHDL File  ; C:/Users/Libni/Documents/GitHub/ctd_v2/projeto_final/ULA/Multiplicador.vhd   ;         ;
+----------------------------------+-----------------+-----------------+------------------------------------------------------------------------------+---------+


+-----------------------------------------------------------+
; Analysis & Synthesis Resource Usage Summary               ;
+---------------------------------------------+-------------+
; Resource                                    ; Usage       ;
+---------------------------------------------+-------------+
; Estimate of Logic utilization (ALMs needed) ; 134         ;
;                                             ;             ;
; Combinational ALUT usage for logic          ; 204         ;
;     -- 7 input functions                    ; 0           ;
;     -- 6 input functions                    ; 56          ;
;     -- 5 input functions                    ; 42          ;
;     -- 4 input functions                    ; 39          ;
;     -- <=3 input functions                  ; 67          ;
;                                             ;             ;
; Dedicated logic registers                   ; 162         ;
;                                             ;             ;
; I/O pins                                    ; 110         ;
;                                             ;             ;
; Total DSP Blocks                            ; 0           ;
;                                             ;             ;
; Maximum fan-out node                        ; clock~input ;
; Maximum fan-out                             ; 162         ;
; Total fan-out                               ; 1816        ;
; Average fan-out                             ; 3.10        ;
+---------------------------------------------+-------------+


+----------------------------------------------------------------------------------------------------------------------------------------------------------------------------------------------------------------------------------------------------------------+
; Analysis & Synthesis Resource Utilization by Entity                                                                                                                                                                                                            ;
+-------------------------------------+---------------------+---------------------------+-------------------+------------+------+--------------+--------------------------------------------------------------------------------+-----------------+--------------+
; Compilation Hierarchy Node          ; Combinational ALUTs ; Dedicated Logic Registers ; Block Memory Bits ; DSP Blocks ; Pins ; Virtual Pins ; Full Hierarchy Name                                                            ; Entity Name     ; Library Name ;
+-------------------------------------+---------------------+---------------------------+-------------------+------------+------+--------------+--------------------------------------------------------------------------------+-----------------+--------------+
; |ULA_usertop                        ; 204 (0)             ; 162 (0)                   ; 0                 ; 0          ; 110  ; 0            ; |ULA_usertop                                                                   ; ULA_usertop     ; work         ;
;    |Ctrl_ULA:Controle_Ula|          ; 3 (3)               ; 0 (0)                     ; 0                 ; 0          ; 0    ; 0            ; |ULA_usertop|Ctrl_ULA:Controle_Ula                                             ; Ctrl_ULA        ; work         ;
;    |MUX2_1x32:ULA_GERAL|            ; 34 (34)             ; 0 (0)                     ; 0                 ; 0          ; 0    ; 0            ; |ULA_usertop|MUX2_1x32:ULA_GERAL                                               ; MUX2_1x32       ; work         ;
;    |Multiplicador:ULA_Mult|         ; 130 (0)             ; 66 (0)                    ; 0                 ; 0          ; 0    ; 0            ; |ULA_usertop|Multiplicador:ULA_Mult                                            ; Multiplicador   ; work         ;
;       |Mul_controle:CONTROLE|       ; 4 (4)               ; 2 (2)                     ; 0                 ; 0          ; 0    ; 0            ; |ULA_usertop|Multiplicador:ULA_Mult|Mul_controle:CONTROLE                      ; Mul_controle    ; work         ;
;       |Mul_operacional:OPERACIONAL| ; 126 (30)            ; 64 (0)                    ; 0                 ; 0          ; 0    ; 0            ; |ULA_usertop|Multiplicador:ULA_Mult|Mul_operacional:OPERACIONAL                ; Mul_operacional ; work         ;
;          |MUX2_1x32:MUX2|           ; 32 (32)             ; 0 (0)                     ; 0                 ; 0          ; 0    ; 0            ; |ULA_usertop|Multiplicador:ULA_Mult|Mul_operacional:OPERACIONAL|MUX2_1x32:MUX2 ; MUX2_1x32       ; work         ;
;          |REGx32:REGCONT|           ; 0 (0)               ; 32 (32)                   ; 0                 ; 0          ; 0    ; 0            ; |ULA_usertop|Multiplicador:ULA_Mult|Mul_operacional:OPERACIONAL|REGx32:REGCONT ; REGx32          ; work         ;
;          |REGx32:REGSOMA|           ; 0 (0)               ; 32 (32)                   ; 0                 ; 0          ; 0    ; 0            ; |ULA_usertop|Multiplicador:ULA_Mult|Mul_operacional:OPERACIONAL|REGx32:REGSOMA ; REGx32          ; work         ;
;          |Sum:SOMA|                 ; 32 (32)             ; 0 (0)                     ; 0                 ; 0          ; 0    ; 0            ; |ULA_usertop|Multiplicador:ULA_Mult|Mul_operacional:OPERACIONAL|Sum:SOMA       ; Sum             ; work         ;
;          |Sum:SUB|                  ; 32 (32)             ; 0 (0)                     ; 0                 ; 0          ; 0    ; 0            ; |ULA_usertop|Multiplicador:ULA_Mult|Mul_operacional:OPERACIONAL|Sum:SUB        ; Sum             ; work         ;
;    |REGx32:RegA|                    ; 0 (0)               ; 32 (32)                   ; 0                 ; 0          ; 0    ; 0            ; |ULA_usertop|REGx32:RegA                                                       ; REGx32          ; work         ;
;    |REGx32:RegB|                    ; 0 (0)               ; 32 (32)                   ; 0                 ; 0          ; 0    ; 0            ; |ULA_usertop|REGx32:RegB                                                       ; REGx32          ; work         ;
;    |REGx32:RegC|                    ; 3 (3)               ; 32 (32)                   ; 0                 ; 0          ; 0    ; 0            ; |ULA_usertop|REGx32:RegC                                                       ; REGx32          ; work         ;
;    |ULA_MIPS:ULA_PADRAO|            ; 34 (1)              ; 0 (0)                     ; 0                 ; 0          ; 0    ; 0            ; |ULA_usertop|ULA_MIPS:ULA_PADRAO                                               ; ULA_MIPS        ; work         ;
;       |Sum:SomaSub|                 ; 33 (33)             ; 0 (0)                     ; 0                 ; 0          ; 0    ; 0            ; |ULA_usertop|ULA_MIPS:ULA_PADRAO|Sum:SomaSub                                   ; Sum             ; work         ;
+-------------------------------------+---------------------+---------------------------+-------------------+------------+------+--------------+--------------------------------------------------------------------------------+-----------------+--------------+
Note: For table entries with two numbers listed, the numbers in parentheses indicate the number of resources of the given type used by the specific entity alone. The numbers listed outside of parentheses indicate the total resources of the given type used by the specific entity and all of its sub-entities in the hierarchy.


Encoding Type:  One-Hot
+---------------------------------------------------------------------------------------+
; State Machine - |ULA_usertop|Multiplicador:ULA_Mult|Mul_controle:CONTROLE|EstadoAtual ;
+----------------+----------------+----------------+------------------------------------+
; Name           ; EstadoAtual.S2 ; EstadoAtual.S1 ; EstadoAtual.S0                     ;
+----------------+----------------+----------------+------------------------------------+
; EstadoAtual.S0 ; 0              ; 0              ; 0                                  ;
; EstadoAtual.S1 ; 0              ; 1              ; 1                                  ;
; EstadoAtual.S2 ; 1              ; 0              ; 1                                  ;
+----------------+----------------+----------------+------------------------------------+


+----------------------------------------------------------------------------------+
; Registers Removed During Synthesis                                               ;
+-------------------------------------------------------------+--------------------+
; Register name                                               ; Reason for Removal ;
+-------------------------------------------------------------+--------------------+
; Multiplicador:ULA_Mult|Mul_controle:CONTROLE|EstadoAtual.S1 ; Lost fanout        ;
; Total Number of Removed Registers = 1                       ;                    ;
+-------------------------------------------------------------+--------------------+


+------------------------------------------------------+
; General Register Statistics                          ;
+----------------------------------------------+-------+
; Statistic                                    ; Value ;
+----------------------------------------------+-------+
; Total registers                              ; 162   ;
; Number of registers using Synchronous Clear  ; 31    ;
; Number of registers using Synchronous Load   ; 32    ;
; Number of registers using Asynchronous Clear ; 162   ;
; Number of registers using Asynchronous Load  ; 0     ;
; Number of registers using Clock Enable       ; 160   ;
; Number of registers using Preset             ; 0     ;
+----------------------------------------------+-------+


+----------------------------------------------------------------------------------------------------------------------------------------------------------------------------------------------------+
; Multiplexer Restructuring Statistics (Restructuring Performed)                                                                                                                                     ;
+--------------------+-----------+---------------+----------------------+------------------------+------------+--------------------------------------------------------------------------------------+
; Multiplexer Inputs ; Bus Width ; Baseline Area ; Area if Restructured ; Saving if Restructured ; Registered ; Example Multiplexer Output                                                           ;
+--------------------+-----------+---------------+----------------------+------------------------+------------+--------------------------------------------------------------------------------------+
; 5:1                ; 31 bits   ; 93 LEs        ; 62 LEs               ; 31 LEs                 ; Yes        ; |ULA_usertop|REGx32:RegC|Q[30]                                                       ;
; 3:1                ; 32 bits   ; 64 LEs        ; 64 LEs               ; 0 LEs                  ; No         ; |ULA_usertop|Multiplicador:ULA_Mult|Mul_operacional:OPERACIONAL|MUX2_1x32:MUX2|D[31] ;
+--------------------+-----------+---------------+----------------------+------------------------+------------+--------------------------------------------------------------------------------------+


+----------------------------------------------------------------+
; Port Connectivity Checks: "ULA_MIPS:ULA_PADRAO|MUX2_1x32:mux2" ;
+-----------+-------+----------+---------------------------------+
; Port      ; Type  ; Severity ; Details                         ;
+-----------+-------+----------+---------------------------------+
; l1[31..1] ; Input ; Info     ; Stuck at GND                    ;
+-----------+-------+----------+---------------------------------+


+----------------------------------------------------------------------------------------+
; Port Connectivity Checks: "Multiplicador:ULA_Mult|Mul_operacional:OPERACIONAL|Sum:SUB" ;
+----------+-------+----------+----------------------------------------------------------+
; Port     ; Type  ; Severity ; Details                                                  ;
+----------+-------+----------+----------------------------------------------------------+
; b[31..1] ; Input ; Info     ; Stuck at GND                                             ;
; b[0]     ; Input ; Info     ; Stuck at VCC                                             ;
; m        ; Input ; Info     ; Stuck at VCC                                             ;
+----------+-------+----------+----------------------------------------------------------+


+-----------------------------------------------------------------------------------------+
; Port Connectivity Checks: "Multiplicador:ULA_Mult|Mul_operacional:OPERACIONAL|Sum:SOMA" ;
+------+-------+----------+---------------------------------------------------------------+
; Port ; Type  ; Severity ; Details                                                       ;
+------+-------+----------+---------------------------------------------------------------+
; m    ; Input ; Info     ; Stuck at GND                                                  ;
+------+-------+----------+---------------------------------------------------------------+


+-----------------------------------------------------+
; Post-Synthesis Netlist Statistics for Top Partition ;
+-----------------------+-----------------------------+
; Type                  ; Count                       ;
+-----------------------+-----------------------------+
; arriav_ff             ; 162                         ;
;     CLR               ; 2                           ;
;     ENA CLR           ; 97                          ;
;     ENA CLR SCLR      ; 31                          ;
;     ENA CLR SLD       ; 32                          ;
; arriav_lcell_comb     ; 205                         ;
;     arith             ; 97                          ;
;         1 data inputs ; 32                          ;
;         3 data inputs ; 1                           ;
;         4 data inputs ; 32                          ;
;         5 data inputs ; 32                          ;
;     normal            ; 108                         ;
;         1 data inputs ; 1                           ;
;         2 data inputs ; 1                           ;
;         3 data inputs ; 33                          ;
;         4 data inputs ; 7                           ;
;         5 data inputs ; 10                          ;
;         6 data inputs ; 56                          ;
; boundary_port         ; 110                         ;
;                       ;                             ;
; Max LUT depth         ; 9.30                        ;
; Average LUT depth     ; 5.17                        ;
+-----------------------+-----------------------------+


+-------------------------------+
; Elapsed Time Per Partition    ;
+----------------+--------------+
; Partition Name ; Elapsed Time ;
+----------------+--------------+
; Top            ; 00:00:00     ;
+----------------+--------------+


+-------------------------------+
; Analysis & Synthesis Messages ;
+-------------------------------+
Info: *******************************************************************
Info: Running Quartus Prime Analysis & Synthesis
    Info: Version 22.1std.1 Build 917 02/14/2023 SC Lite Edition
    Info: Processing started: Tue Jun 27 13:57:50 2023
Info: Command: quartus_map --read_settings_files=on --write_settings_files=off ULA -c ULA
Warning (18236): Number of processors has not been specified which may cause overloading on shared machines.  Set the global assignment NUM_PARALLEL_PROCESSORS in your QSF to an appropriate value for best performance.
Info (20030): Parallel compilation is enabled and will use 2 of the 2 processors detected
Info (12021): Found 2 design units, including 1 entities, in source file ula_mips.vhdl
    Info (12022): Found design unit 1: ULA_MIPS-arch File: C:/Users/Libni/Documents/GitHub/ctd_v2/projeto_final/ULA/ULA_MIPS.vhdl Line: 12
    Info (12023): Found entity 1: ULA_MIPS File: C:/Users/Libni/Documents/GitHub/ctd_v2/projeto_final/ULA/ULA_MIPS.vhdl Line: 5
Info (12021): Found 2 design units, including 1 entities, in source file and_or.vhdl
    Info (12022): Found design unit 1: and_or-circuito File: C:/Users/Libni/Documents/GitHub/ctd_v2/projeto_final/ULA/and_or.vhdl Line: 11
    Info (12023): Found entity 1: and_or File: C:/Users/Libni/Documents/GitHub/ctd_v2/projeto_final/ULA/and_or.vhdl Line: 4
Info (12021): Found 2 design units, including 1 entities, in source file sum.vhdl
    Info (12022): Found design unit 1: Sum-circuito File: C:/Users/Libni/Documents/GitHub/ctd_v2/projeto_final/ULA/Sum.vhdl Line: 13
    Info (12023): Found entity 1: Sum File: C:/Users/Libni/Documents/GitHub/ctd_v2/projeto_final/ULA/Sum.vhdl Line: 5
Info (12021): Found 2 design units, including 1 entities, in source file mul_operacional.vhd
    Info (12022): Found design unit 1: Mul_operacional-Behavior File: C:/Users/Libni/Documents/GitHub/ctd_v2/projeto_final/ULA/Mul_operacional.vhd Line: 14
    Info (12023): Found entity 1: Mul_operacional File: C:/Users/Libni/Documents/GitHub/ctd_v2/projeto_final/ULA/Mul_operacional.vhd Line: 4
Info (12021): Found 2 design units, including 1 entities, in source file mul_controle.vhd
    Info (12022): Found design unit 1: Mul_controle-Behavior File: C:/Users/Libni/Documents/GitHub/ctd_v2/projeto_final/ULA/Mul_controle.vhd Line: 13
    Info (12023): Found entity 1: Mul_controle File: C:/Users/Libni/Documents/GitHub/ctd_v2/projeto_final/ULA/Mul_controle.vhd Line: 4
Info (12021): Found 2 design units, including 1 entities, in source file ctrl_ula.vhd
    Info (12022): Found design unit 1: Ctrl_ULA-Behavior File: C:/Users/Libni/Documents/GitHub/ctd_v2/projeto_final/ULA/Ctrl_ULA.vhd Line: 13
    Info (12023): Found entity 1: Ctrl_ULA File: C:/Users/Libni/Documents/GitHub/ctd_v2/projeto_final/ULA/Ctrl_ULA.vhd Line: 4
Info (12021): Found 2 design units, including 1 entities, in source file ula_usertop.vhd
    Info (12022): Found design unit 1: ULA_usertop-Behavior File: C:/Users/Libni/Documents/GitHub/ctd_v2/projeto_final/ULA/ULA_usertop.vhd Line: 16
    Info (12023): Found entity 1: ULA_usertop File: C:/Users/Libni/Documents/GitHub/ctd_v2/projeto_final/ULA/ULA_usertop.vhd Line: 4
Info (12021): Found 2 design units, including 1 entities, in source file mux2_1x32.vhd
    Info (12022): Found design unit 1: MUX2_1x32-Behavior File: C:/Users/Libni/Documents/GitHub/ctd_v2/projeto_final/ULA/Mux2_1x32.vhd Line: 11
    Info (12023): Found entity 1: MUX2_1x32 File: C:/Users/Libni/Documents/GitHub/ctd_v2/projeto_final/ULA/Mux2_1x32.vhd Line: 4
Info (12021): Found 2 design units, including 1 entities, in source file regx32.vhd
    Info (12022): Found design unit 1: REGx32-Behavior File: C:/Users/Libni/Documents/GitHub/ctd_v2/projeto_final/ULA/REGx32.vhd Line: 13
    Info (12023): Found entity 1: REGx32 File: C:/Users/Libni/Documents/GitHub/ctd_v2/projeto_final/ULA/REGx32.vhd Line: 4
Info (12021): Found 2 design units, including 1 entities, in source file multiplicador.vhd
    Info (12022): Found design unit 1: Multiplicador-Behavior File: C:/Users/Libni/Documents/GitHub/ctd_v2/projeto_final/ULA/Multiplicador.vhd Line: 15
    Info (12023): Found entity 1: Multiplicador File: C:/Users/Libni/Documents/GitHub/ctd_v2/projeto_final/ULA/Multiplicador.vhd Line: 4
Info (12021): Found 2 design units, including 1 entities, in source file testbench.vhd
    Info (12022): Found design unit 1: testbench-tb File: C:/Users/Libni/Documents/GitHub/ctd_v2/projeto_final/ULA/testbench.vhd Line: 12
    Info (12023): Found entity 1: testbench File: C:/Users/Libni/Documents/GitHub/ctd_v2/projeto_final/ULA/testbench.vhd Line: 9
Info (12127): Elaborating entity "ULA_usertop" for the top level hierarchy
Info (12128): Elaborating entity "REGx32" for hierarchy "REGx32:RegA" File: C:/Users/Libni/Documents/GitHub/ctd_v2/projeto_final/ULA/ULA_usertop.vhd Line: 65
Info (12128): Elaborating entity "Ctrl_ULA" for hierarchy "Ctrl_ULA:Controle_Ula" File: C:/Users/Libni/Documents/GitHub/ctd_v2/projeto_final/ULA/ULA_usertop.vhd Line: 69
Info (12128): Elaborating entity "Multiplicador" for hierarchy "Multiplicador:ULA_Mult" File: C:/Users/Libni/Documents/GitHub/ctd_v2/projeto_final/ULA/ULA_usertop.vhd Line: 71
Info (12128): Elaborating entity "Mul_controle" for hierarchy "Multiplicador:ULA_Mult|Mul_controle:CONTROLE" File: C:/Users/Libni/Documents/GitHub/ctd_v2/projeto_final/ULA/Multiplicador.vhd Line: 34
Info (12128): Elaborating entity "Mul_operacional" for hierarchy "Multiplicador:ULA_Mult|Mul_operacional:OPERACIONAL" File: C:/Users/Libni/Documents/GitHub/ctd_v2/projeto_final/ULA/Multiplicador.vhd Line: 35
Info (12128): Elaborating entity "MUX2_1x32" for hierarchy "Multiplicador:ULA_Mult|Mul_operacional:OPERACIONAL|MUX2_1x32:MUXSOMA" File: C:/Users/Libni/Documents/GitHub/ctd_v2/projeto_final/ULA/Mul_operacional.vhd Line: 47
Info (12128): Elaborating entity "Sum" for hierarchy "Multiplicador:ULA_Mult|Mul_operacional:OPERACIONAL|Sum:SOMA" File: C:/Users/Libni/Documents/GitHub/ctd_v2/projeto_final/ULA/Mul_operacional.vhd Line: 48
Info (12128): Elaborating entity "ULA_MIPS" for hierarchy "ULA_MIPS:ULA_PADRAO" File: C:/Users/Libni/Documents/GitHub/ctd_v2/projeto_final/ULA/ULA_usertop.vhd Line: 72
Info (12128): Elaborating entity "and_or" for hierarchy "ULA_MIPS:ULA_PADRAO|and_or:And_Orr" File: C:/Users/Libni/Documents/GitHub/ctd_v2/projeto_final/ULA/ULA_MIPS.vhdl Line: 41
Info (286030): Timing-Driven Synthesis is running
Info (17049): 1 registers lost all their fanouts during netlist optimizations.
Info (16010): Generating hard_block partition "hard_block:auto_generated_inst"
    Info (16011): Adding 0 node(s), including 0 DDIO, 0 PLL, 0 transceiver and 0 LCELL
Warning (21074): Design contains 2 input pin(s) that do not drive logic
    Warning (15610): No output dependent on input pin "ULAOp[0]" File: C:/Users/Libni/Documents/GitHub/ctd_v2/projeto_final/ULA/ULA_usertop.vhd Line: 7
    Warning (15610): No output dependent on input pin "ULAOp[1]" File: C:/Users/Libni/Documents/GitHub/ctd_v2/projeto_final/ULA/ULA_usertop.vhd Line: 7
Info (21057): Implemented 410 device resources after synthesis - the final resource count might be different
    Info (21058): Implemented 77 input pins
    Info (21059): Implemented 33 output pins
    Info (21061): Implemented 300 logic cells
Info: Quartus Prime Analysis & Synthesis was successful. 0 errors, 4 warnings
    Info: Peak virtual memory: 4866 megabytes
    Info: Processing ended: Tue Jun 27 13:58:04 2023
    Info: Elapsed time: 00:00:14
    Info: Total CPU time (on all processors): 00:00:21


